#! /c/Source/iverilog-install/bin/vvp
:ivl_version "12.0 (devel)" "(s20150603-1539-g2693dd32b)";
:ivl_delay_selection "TYPICAL";
:vpi_time_precision + 0;
:vpi_module "D:\iverilog\lib\ivl\system.vpi";
:vpi_module "D:\iverilog\lib\ivl\vhdl_sys.vpi";
:vpi_module "D:\iverilog\lib\ivl\vhdl_textio.vpi";
:vpi_module "D:\iverilog\lib\ivl\v2005_math.vpi";
:vpi_module "D:\iverilog\lib\ivl\va_math.vpi";
S_00000294d04624f0 .scope module, "and_gate" "and_gate" 2 1;
 .timescale 0 0;
    .port_info 0 /INPUT 1 "A";
    .port_info 1 /INPUT 1 "B";
    .port_info 2 /OUTPUT 1 "Y";
o00000294d0496b38 .functor BUFZ 1, C4<z>; HiZ drive
o00000294d0496b68 .functor BUFZ 1, C4<z>; HiZ drive
L_00000294d0462b50 .functor AND 1, o00000294d0496b38, o00000294d0496b68, C4<1>, C4<1>;
v00000294d0462d70_0 .net "A", 0 0, o00000294d0496b38;  0 drivers
v00000294d0462f90_0 .net "B", 0 0, o00000294d0496b68;  0 drivers
v00000294d0462680_0 .net "Y", 0 0, L_00000294d0462b50;  1 drivers
# The file index is used to find the file name in the following table.
:file_names 3;
    "N/A";
    "<interactive>";
    "and_gate.v";
